warning: empty line; skipping.
sorted localisations:
 2501 red
 2501 blue
 1 empty
warning: empty line; skipping.
sorted localisations:
 1801 red
 1807 blue
 589 empty
warning: empty line; skipping.
sorted localisations:
 2701 red
 2701 blue
 2 empty
warning: empty line; skipping.
sorted localisations:
 1201 red
 1201 blue
 1 empty
warning: empty line; skipping.
sorted localisations:
 1801 red
 1801 blue
 1 empty
warning: empty line; skipping.
sorted localisations:
 1601 red
 1601 blue
 1 empty
